2023-11-18 20:02:59,204 - basicLogger - INFO - App Conf File: app_conf.yml
2023-11-18 20:02:59,205 - basicLogger - INFO - Log Conf File: log_conf.yml
2023-11-18 20:03:29,377 - basicLogger - INFO - App Conf File: app_conf.yml
2023-11-18 20:03:29,378 - basicLogger - INFO - Log Conf File: log_conf.yml
2023-11-18 20:05:34,845 - basicLogger - INFO - App Conf File: app_conf.yml
2023-11-18 20:05:34,845 - basicLogger - INFO - Log Conf File: log_conf.yml
2023-11-18 20:06:57,352 - basicLogger - INFO - App Conf File: app_conf.yml
2023-11-18 20:06:57,354 - basicLogger - INFO - Log Conf File: log_conf.yml
2023-11-18 20:12:31,786 - basicLogger - INFO - App Conf File: app_conf.yml
2023-11-18 20:12:31,787 - basicLogger - INFO - Log Conf File: log_conf.yml
2023-11-18 20:12:59,079 - basicLogger - INFO - App Conf File: app_conf.yml
2023-11-18 20:12:59,080 - basicLogger - INFO - Log Conf File: log_conf.yml
2023-11-18 20:14:59,170 - basicLogger - INFO - App Conf File: app_conf.yml
2023-11-18 20:14:59,170 - basicLogger - INFO - Log Conf File: log_conf.yml
2023-11-18 20:15:36,525 - basicLogger - INFO - App Conf File: app_conf.yml
2023-11-18 20:15:36,526 - basicLogger - INFO - Log Conf File: log_conf.yml
2023-11-18 20:15:52,767 - basicLogger - INFO - App Conf File: app_conf.yml
2023-11-18 20:15:52,768 - basicLogger - INFO - Log Conf File: log_conf.yml
2023-11-18 20:15:52,814 - basicLogger - INFO - App Conf File: app_conf.yml
2023-11-18 20:15:52,814 - basicLogger - INFO - Log Conf File: log_conf.yml
2023-11-18 20:16:12,876 - basicLogger - INFO - Starting periodic health checks...
2023-11-18 20:16:32,875 - basicLogger - INFO - Starting periodic health checks...
2023-11-18 20:16:52,888 - basicLogger - INFO - Starting periodic health checks...
2023-11-18 20:17:12,877 - basicLogger - INFO - Starting periodic health checks...
2023-11-18 20:17:32,880 - basicLogger - INFO - Starting periodic health checks...
2023-11-18 20:17:52,874 - basicLogger - INFO - Starting periodic health checks...
2023-11-18 20:18:12,878 - basicLogger - INFO - Starting periodic health checks...
2023-11-18 20:18:32,875 - basicLogger - INFO - Starting periodic health checks...
2023-11-18 20:18:52,885 - basicLogger - INFO - Starting periodic health checks...
2023-11-18 20:19:12,882 - basicLogger - INFO - Starting periodic health checks...
2023-11-18 20:19:32,876 - basicLogger - INFO - Starting periodic health checks...
2023-11-18 20:19:52,887 - basicLogger - INFO - Starting periodic health checks...
2023-11-18 20:20:12,888 - basicLogger - INFO - Starting periodic health checks...
2023-11-18 20:20:32,881 - basicLogger - INFO - Starting periodic health checks...
2023-11-18 20:20:52,883 - basicLogger - INFO - Starting periodic health checks...
2023-11-18 20:21:12,885 - basicLogger - INFO - Starting periodic health checks...
2023-11-18 20:21:32,888 - basicLogger - INFO - Starting periodic health checks...
2023-11-18 20:21:52,888 - basicLogger - INFO - Starting periodic health checks...
2023-11-18 20:22:12,878 - basicLogger - INFO - Starting periodic health checks...
2023-11-18 20:22:32,888 - basicLogger - INFO - Starting periodic health checks...
2023-11-18 20:22:52,882 - basicLogger - INFO - Starting periodic health checks...
2023-11-18 20:23:12,880 - basicLogger - INFO - Starting periodic health checks...
2023-11-18 20:23:32,881 - basicLogger - INFO - Starting periodic health checks...
2023-11-18 20:23:52,877 - basicLogger - INFO - Starting periodic health checks...
2023-11-18 20:24:12,879 - basicLogger - INFO - Starting periodic health checks...
2023-11-18 20:24:32,879 - basicLogger - INFO - Starting periodic health checks...
2023-11-18 20:24:52,888 - basicLogger - INFO - Starting periodic health checks...
2023-11-18 20:25:12,877 - basicLogger - INFO - Starting periodic health checks...
2023-11-18 20:25:32,877 - basicLogger - INFO - Starting periodic health checks...
2023-11-18 20:25:52,889 - basicLogger - INFO - Starting periodic health checks...
2023-11-18 20:26:12,882 - basicLogger - INFO - Starting periodic health checks...
2023-11-18 20:26:32,880 - basicLogger - INFO - Starting periodic health checks...
2023-11-18 20:26:52,879 - basicLogger - INFO - Starting periodic health checks...
2023-11-18 20:27:12,877 - basicLogger - INFO - Starting periodic health checks...
2023-11-18 20:27:32,888 - basicLogger - INFO - Starting periodic health checks...
2023-11-18 20:27:52,880 - basicLogger - INFO - Starting periodic health checks...
2023-11-18 20:28:12,889 - basicLogger - INFO - Starting periodic health checks...
2023-11-18 20:30:26,867 - basicLogger - INFO - App Conf File: app_conf.yml
2023-11-18 20:30:26,868 - basicLogger - INFO - Log Conf File: log_conf.yml
2023-11-18 20:30:26,904 - basicLogger - INFO - App Conf File: app_conf.yml
2023-11-18 20:30:26,905 - basicLogger - INFO - Log Conf File: log_conf.yml
2023-11-18 20:30:46,927 - basicLogger - INFO - Starting periodic health checks...
2023-11-18 20:35:20,140 - basicLogger - INFO - App Conf File: app_conf.yml
2023-11-18 20:35:20,141 - basicLogger - INFO - Log Conf File: log_conf.yml
2023-11-18 20:35:20,178 - basicLogger - INFO - App Conf File: app_conf.yml
2023-11-18 20:35:20,178 - basicLogger - INFO - Log Conf File: log_conf.yml
2023-11-18 20:35:40,202 - basicLogger - INFO - Starting periodic health checks...
2023-11-18 20:35:43,802 - basicLogger - INFO - App Conf File: app_conf.yml
2023-11-18 20:35:43,803 - basicLogger - INFO - Log Conf File: log_conf.yml
2023-11-18 20:35:43,851 - basicLogger - INFO - App Conf File: app_conf.yml
2023-11-18 20:35:43,851 - basicLogger - INFO - Log Conf File: log_conf.yml
2023-11-18 20:36:03,888 - basicLogger - INFO - Starting periodic health checks...
2023-11-18 20:36:23,886 - basicLogger - INFO - Starting periodic health checks...
2023-11-18 20:36:43,884 - basicLogger - INFO - Starting periodic health checks...
2023-11-18 20:36:46,126 - basicLogger - INFO - App Conf File: app_conf.yml
2023-11-18 20:36:46,127 - basicLogger - INFO - Log Conf File: log_conf.yml
2023-11-18 20:36:46,169 - basicLogger - INFO - App Conf File: app_conf.yml
2023-11-18 20:36:46,170 - basicLogger - INFO - Log Conf File: log_conf.yml
2023-11-18 20:36:57,365 - basicLogger - INFO - App Conf File: app_conf.yml
2023-11-18 20:36:57,366 - basicLogger - INFO - Log Conf File: log_conf.yml
2023-11-18 20:36:57,413 - basicLogger - INFO - App Conf File: app_conf.yml
2023-11-18 20:36:57,414 - basicLogger - INFO - Log Conf File: log_conf.yml
2023-11-18 20:37:17,458 - basicLogger - INFO - Starting periodic health checks...
2023-11-18 20:39:25,829 - basicLogger - INFO - App Conf File: app_conf.yml
2023-11-18 20:39:25,830 - basicLogger - INFO - Log Conf File: log_conf.yml
2023-11-18 20:39:25,865 - basicLogger - INFO - App Conf File: app_conf.yml
2023-11-18 20:39:25,866 - basicLogger - INFO - Log Conf File: log_conf.yml
2023-11-18 20:39:45,897 - basicLogger - INFO - Starting periodic health checks...
2023-11-18 20:41:28,397 - basicLogger - INFO - App Conf File: app_conf.yml
2023-11-18 20:41:28,398 - basicLogger - INFO - Log Conf File: log_conf.yml
2023-11-18 20:41:28,451 - basicLogger - INFO - App Conf File: app_conf.yml
2023-11-18 20:41:28,454 - basicLogger - INFO - Log Conf File: log_conf.yml
2023-11-18 20:41:48,498 - basicLogger - INFO - Starting periodic health checks...
2023-11-18 20:42:46,964 - basicLogger - INFO - App Conf File: app_conf.yml
2023-11-18 20:42:46,964 - basicLogger - INFO - Log Conf File: log_conf.yml
2023-11-18 20:42:47,008 - basicLogger - INFO - App Conf File: app_conf.yml
2023-11-18 20:42:47,008 - basicLogger - INFO - Log Conf File: log_conf.yml
2023-11-18 20:43:07,051 - basicLogger - INFO - Starting periodic health checks...
2023-11-18 20:43:07,052 - basicLogger - INFO - time 2023-11-18T20:43:07.052524Z
2023-11-18 20:43:28,870 - basicLogger - INFO - App Conf File: app_conf.yml
2023-11-18 20:43:28,871 - basicLogger - INFO - Log Conf File: log_conf.yml
2023-11-18 20:43:28,916 - basicLogger - INFO - App Conf File: app_conf.yml
2023-11-18 20:43:28,917 - basicLogger - INFO - Log Conf File: log_conf.yml
2023-11-18 20:43:48,940 - basicLogger - INFO - Starting periodic health checks...
2023-11-18 20:43:48,942 - basicLogger - INFO - time 2023-11-18T20:43:48.942483Z
2023-11-18 20:44:08,939 - basicLogger - INFO - Starting periodic health checks...
2023-11-18 20:44:08,939 - basicLogger - INFO - time 2023-11-18T20:44:08.939713Z
2023-11-18 20:44:28,942 - basicLogger - INFO - Starting periodic health checks...
2023-11-18 20:44:28,942 - basicLogger - INFO - time 2023-11-18T20:44:28.942706Z
2023-11-18 20:44:48,951 - basicLogger - INFO - Starting periodic health checks...
2023-11-18 20:44:48,952 - basicLogger - INFO - time 2023-11-18T20:44:48.952313Z
2023-11-18 20:45:08,940 - basicLogger - INFO - Starting periodic health checks...
2023-11-18 20:45:08,940 - basicLogger - INFO - time 2023-11-18T20:45:08.940635Z
2023-11-18 20:45:18,374 - basicLogger - INFO - App Conf File: app_conf.yml
2023-11-18 20:45:18,374 - basicLogger - INFO - Log Conf File: log_conf.yml
2023-11-18 20:45:18,420 - basicLogger - INFO - App Conf File: app_conf.yml
2023-11-18 20:45:18,420 - basicLogger - INFO - Log Conf File: log_conf.yml
2023-11-18 20:45:38,456 - basicLogger - INFO - Starting periodic health checks...
2023-11-18 20:45:38,456 - basicLogger - INFO - time 2023-11-18T20:45:38.456797Z
2023-11-18 20:45:58,450 - basicLogger - INFO - Starting periodic health checks...
2023-11-18 20:45:58,450 - basicLogger - INFO - time 2023-11-18T20:45:58.450125Z
2023-11-18 20:46:15,248 - basicLogger - INFO - App Conf File: app_conf.yml
2023-11-18 20:46:15,249 - basicLogger - INFO - Log Conf File: log_conf.yml
2023-11-18 20:46:15,300 - basicLogger - INFO - App Conf File: app_conf.yml
2023-11-18 20:46:15,300 - basicLogger - INFO - Log Conf File: log_conf.yml
2023-11-18 20:46:35,340 - basicLogger - INFO - Starting periodic health checks...
2023-11-18 20:46:35,340 - basicLogger - INFO - time 2023-11-18T20:46:35.340410Z
2023-11-18 20:46:55,334 - basicLogger - INFO - Starting periodic health checks...
2023-11-18 20:46:55,334 - basicLogger - INFO - time 2023-11-18T20:46:55.334042Z
2023-11-18 20:47:15,339 - basicLogger - INFO - Starting periodic health checks...
2023-11-18 20:47:15,339 - basicLogger - INFO - time 2023-11-18T20:47:15.339411Z
2023-11-18 21:00:48,121 - basicLogger - INFO - App Conf File: app_conf.yml
2023-11-18 21:00:48,122 - basicLogger - INFO - Log Conf File: log_conf.yml
2023-11-18 21:00:48,175 - basicLogger - INFO - App Conf File: app_conf.yml
2023-11-18 21:00:48,178 - basicLogger - INFO - Log Conf File: log_conf.yml
2023-11-18 21:01:08,207 - basicLogger - INFO - Starting periodic health checks...
2023-11-18 21:01:08,208 - basicLogger - INFO - time 2023-11-18T21:01:08.208220Z
2023-11-18 21:01:12,284 - basicLogger - INFO - Down
2023-11-18 21:01:28,213 - basicLogger - INFO - Starting periodic health checks...
2023-11-18 21:01:28,214 - basicLogger - INFO - time 2023-11-18T21:01:28.214109Z
2023-11-18 21:01:32,315 - basicLogger - INFO - Down
2023-11-18 21:01:48,202 - basicLogger - INFO - Starting periodic health checks...
2023-11-18 21:01:48,202 - basicLogger - INFO - time 2023-11-18T21:01:48.202704Z
2023-11-18 21:01:52,317 - basicLogger - INFO - Down
2023-11-18 21:02:08,212 - basicLogger - INFO - Starting periodic health checks...
2023-11-18 21:02:08,213 - basicLogger - INFO - time 2023-11-18T21:02:08.213951Z
2023-11-18 21:02:12,298 - basicLogger - INFO - Down
2023-11-18 21:02:28,202 - basicLogger - INFO - Starting periodic health checks...
2023-11-18 21:02:28,202 - basicLogger - INFO - time 2023-11-18T21:02:28.202335Z
2023-11-18 21:02:32,315 - basicLogger - INFO - Down
2023-11-18 21:02:48,210 - basicLogger - INFO - Starting periodic health checks...
2023-11-18 21:02:48,211 - basicLogger - INFO - time 2023-11-18T21:02:48.210596Z
2023-11-18 21:02:52,305 - basicLogger - INFO - Down
2023-11-18 21:03:08,206 - basicLogger - INFO - Starting periodic health checks...
2023-11-18 21:03:08,206 - basicLogger - INFO - time 2023-11-18T21:03:08.206597Z
2023-11-18 21:03:12,279 - basicLogger - INFO - Down
